<?xml version="1.0" encoding="UTF-8"?>
<testsuite name="example.com.GameManagerTest" tests="1" skipped="0" failures="0" errors="0" timestamp="2024-07-22T15:10:22" hostname="MacBook-Pro-monkemaster.local" time="0.018">
  <properties/>
  <testcase name="test draw" classname="example.com.GameManagerTest" time="0.018"/>
  <system-out><![CDATA[]]></system-out>
  <system-err><![CDATA[]]></system-err>
</testsuite>
